<?xml version="1.0" encoding="UTF-8"?>
<!-- Generated by org.testng.reporters.JUnitReportReporter -->
<testsuite hostname="LAPTOP-ATI1PMBG" failures="0" tests="3" name="com.comcast.lead.Comcast_Lead_11" time="0.017" errors="0" timestamp="21 Sep 2021 11:22:56 GMT" skipped="0">
  <testcase classname="com.comcast.lead.Comcast_Lead_11" name="lead3" time="0.001"/>
  <testcase classname="com.comcast.lead.Comcast_Lead_11" name="lead2" time="0.003"/>
  <testcase classname="com.comcast.lead.Comcast_Lead_11" name="lead1" time="0.013"/>
</testsuite> <!-- com.comcast.lead.Comcast_Lead_11 -->
